\BOOKMARK [0][-]{section*.2}{Expos\351}{}% 1
\BOOKMARK [0][-]{chapter.1}{Graph-Datenbanken - Grundlegende technologische Aspekte}{}% 2
\BOOKMARK [1][-]{section.1.1}{Einf\374hrung}{chapter.1}% 3
\BOOKMARK [1][-]{section.1.2}{Modell}{chapter.1}% 4
\BOOKMARK [2][-]{subsection.1.2.1}{Graph}{section.1.2}% 5
\BOOKMARK [2][-]{subsection.1.2.2}{Property Graphen}{section.1.2}% 6
\BOOKMARK [2][-]{subsection.1.2.3}{Hypegraphen}{section.1.2}% 7
\BOOKMARK [0][-]{chapter.2}{PostgresSQL}{}% 8
\BOOKMARK [1][-]{section.2.1}{Allgemein}{chapter.2}% 9
\BOOKMARK [1][-]{section.2.2}{Architektur}{chapter.2}% 10
\BOOKMARK [1][-]{section.2.3}{Datenmodell}{chapter.2}% 11
\BOOKMARK [1][-]{section.2.4}{Indexe}{chapter.2}% 12
\BOOKMARK [1][-]{section.2.5}{Anfragemethoden}{chapter.2}% 13
\BOOKMARK [1][-]{section.2.6}{Konsistenz}{chapter.2}% 14
\BOOKMARK [0][-]{chapter.3}{PostgresSQL: OLTP}{}% 15
\BOOKMARK [1][-]{section.3.1}{Ausgew\344hlte Use Cases}{chapter.3}% 16
\BOOKMARK [1][-]{section.3.2}{Beurteilung}{chapter.3}% 17
\BOOKMARK [0][-]{chapter.4}{PostgresSQL: OLAP}{}% 18
\BOOKMARK [1][-]{section.4.1}{Benchmark}{chapter.4}% 19
\BOOKMARK [2][-]{subsection.4.1.1}{Standard SQL}{section.4.1}% 20
\BOOKMARK [2][-]{subsection.4.1.2}{Stored Procedures}{section.4.1}% 21
\BOOKMARK [2][-]{subsection.4.1.3}{PL/SQL-Recursion}{section.4.1}% 22
\BOOKMARK [1][-]{section.4.2}{Datenbankzugriffe}{chapter.4}% 23
\BOOKMARK [2][-]{subsection.4.2.1}{Zugriffsart Aggregation}{section.4.2}% 24
\BOOKMARK [2][-]{subsection.4.2.2}{Zugriffsart Traversierung}{section.4.2}% 25
\BOOKMARK [1][-]{section.4.3}{Interpretation der Ergebnisse}{chapter.4}% 26
\BOOKMARK [0][-]{chapter*.7}{Literaturverzeichnis}{}% 27
\BOOKMARK [0][-]{chapter*.8}{Eidesstattliche Erkl\344rung}{}% 28
